\BOOKMARK [1][-]{section.1}{MC simulations}{}% 1
\BOOKMARK [2][-]{subsection.1.1}{The Hall-A high-power beam-dump}{section.1}% 2
\BOOKMARK [2][-]{subsection.1.2}{The beam-dump model in FLUKA}{section.1}% 3
\BOOKMARK [2][-]{subsection.1.3}{The beam-dump model in GEANT4 \(GEMC\)}{section.1}% 4
\BOOKMARK [2][-]{subsection.1.4}{Muons from beam/dump interaction}{section.1}% 5
\BOOKMARK [2][-]{subsection.1.5}{Sampling and particle transport}{section.1}% 6
\BOOKMARK [3][-]{subsubsection.1.5.1}{Muons - GEMC}{subsection.1.5}% 7
\BOOKMARK [3][-]{subsubsection.1.5.2}{Background - FLUKA}{subsection.1.5}% 8
\BOOKMARK [1][-]{section.2}{Test set-up}{}% 9
\BOOKMARK [2][-]{subsection.2.1}{Detector location}{section.2}% 10
\BOOKMARK [2][-]{subsection.2.2}{The BDX-Hodo detector}{section.2}% 11
\BOOKMARK [1][-]{section.3}{Results}{}% 12
\BOOKMARK [2][-]{subsection.3.1}{Muon detection}{section.3}% 13
\BOOKMARK [2][-]{subsection.3.2}{Muon flux above the ground}{section.3}% 14
\BOOKMARK [3][-]{subsubsection.3.2.1}{Beam-related background}{subsection.3.2}% 15
\BOOKMARK [3][-]{subsubsection.3.2.2}{Cosmic background}{subsection.3.2}% 16
\BOOKMARK [2][-]{subsection.3.3}{Test configuration and practical details}{section.3}% 17
\BOOKMARK [2][-]{subsection.3.4}{Summary}{section.3}% 18
\BOOKMARK [1][-]{section.4}{Appendix}{}% 19
\BOOKMARK [2][-]{subsection.4.1}{Cost estimates}{section.4}% 20
\BOOKMARK [2][-]{subsection.4.2}{Work-plan, time-plan, ...}{section.4}% 21
