This is pdfTeX, Version 3.1415926-2.4-1.40.13 (TeX Live 2012) (format=pdflatex 2012.6.30)  7 FEB 2017 17:00
entering extended mode
 \write18 enabled.
 file:line:error style messages enabled.
 %&-line parsing enabled.
**/Users/batta/Desktop/bdx-jlab/mutest/report/TSWLatexianTemp_000001.tex
(/Users/batta/Desktop/bdx-jlab/mutest/report/TSWLatexianTemp_000001.tex
LaTeX2e <2011/06/27>
Babel <v3.8m> and hyphenation patterns for english, dumylang, nohyphenation, german-x-2012-05-30, ngerman-x-2012-05-30, afrikaans, ancientgreek, ibycus, arabic, armenian, basque, bulgarian, catalan, pinyin, coptic, croatian, czech, danish, dutch, ukenglish, usenglishmax, esperanto, estonian, ethiopic, farsi, finnish, french, friulan, galician, german, ngerman, swissgerman, monogreek, greek, hungarian, icelandic, assamese, bengali, gujarati, hindi, kannada, malayalam, marathi, oriya, panjabi, tamil, telugu, indonesian, interlingua, irish, italian, kurmanji, latin, latvian, lithuanian, mongolian, mongolianlmc, bokmal, nynorsk, polish, portuguese, romanian, romansh, russian, sanskrit, serbian, serbianc, slovak, slovenian, spanish, swedish, turkish, turkmen, ukrainian, uppersorbian, welsh, loaded.
(/usr/local/texlive/2012/texmf-dist/tex/latex/base/article.cls
Document Class: article 2007/10/19 v1.4h Standard LaTeX document class
(/usr/local/texlive/2012/texmf-dist/tex/latex/base/size10.clo
File: size10.clo 2007/10/19 v1.4h Standard LaTeX file (size option)
)
\c@part=\count79
\c@section=\count80
\c@subsection=\count81
\c@subsubsection=\count82
\c@paragraph=\count83
\c@subparagraph=\count84
\c@figure=\count85
\c@table=\count86
\abovecaptionskip=\skip41
\belowcaptionskip=\skip42
\bibindent=\dimen102
) (/usr/local/texlive/2012/texmf-dist/tex/latex/graphics/color.sty
Package: color 2005/11/14 v1.0j Standard LaTeX Color (DPC)
 (/usr/local/texlive/2012/texmf-dist/tex/latex/latexconfig/color.cfg
File: color.cfg 2007/01/18 v1.5 color configuration of teTeX/TeXLive
)
Package color Info: Driver file: pdftex.def on input line 130.
 (/usr/local/texlive/2012/texmf-dist/tex/latex/pdftex-def/pdftex.def
File: pdftex.def 2011/05/27 v0.06d Graphics/color for pdfTeX
 (/usr/local/texlive/2012/texmf-dist/tex/generic/oberdiek/infwarerr.sty
Package: infwarerr 2010/04/08 v1.3 Providing info/warning/error messages (HO)
) (/usr/local/texlive/2012/texmf-dist/tex/generic/oberdiek/ltxcmds.sty
Package: ltxcmds 2011/11/09 v1.22 LaTeX kernel commands for general use (HO)
)
\Gread@gobject=\count87
)) (/usr/local/texlive/2012/texmf-dist/tex/latex/amsmath/amsmath.sty
Package: amsmath 2000/07/18 v2.13 AMS math features
\@mathmargin=\skip43

For additional information on amsmath, use the `?' option.
(/usr/local/texlive/2012/texmf-dist/tex/latex/amsmath/amstext.sty
Package: amstext 2000/06/29 v2.01
 (/usr/local/texlive/2012/texmf-dist/tex/latex/amsmath/amsgen.sty
File: amsgen.sty 1999/11/30 v2.0
\@emptytoks=\toks14
\ex@=\dimen103
)) (/usr/local/texlive/2012/texmf-dist/tex/latex/amsmath/amsbsy.sty
Package: amsbsy 1999/11/29 v1.2d
\pmbraise@=\dimen104
) (/usr/local/texlive/2012/texmf-dist/tex/latex/amsmath/amsopn.sty
Package: amsopn 1999/12/14 v2.01 operator names
)
\inf@bad=\count88
LaTeX Info: Redefining \frac on input line 211.
\uproot@=\count89
\leftroot@=\count90
LaTeX Info: Redefining \overline on input line 307.
\classnum@=\count91
\DOTSCASE@=\count92
LaTeX Info: Redefining \ldots on input line 379.
LaTeX Info: Redefining \dots on input line 382.
LaTeX Info: Redefining \cdots on input line 467.
\Mathstrutbox@=\box26
\strutbox@=\box27
\big@size=\dimen105
LaTeX Font Info:    Redeclaring font encoding OML on input line 567.
LaTeX Font Info:    Redeclaring font encoding OMS on input line 568.
\macc@depth=\count93
\c@MaxMatrixCols=\count94
\dotsspace@=\muskip10
\c@parentequation=\count95
\dspbrk@lvl=\count96
\tag@help=\toks15
\row@=\count97
\column@=\count98
\maxfields@=\count99
\andhelp@=\toks16
\eqnshift@=\dimen106
\alignsep@=\dimen107
\tagshift@=\dimen108
\tagwidth@=\dimen109
\totwidth@=\dimen110
\lineht@=\dimen111
\@envbody=\toks17
\multlinegap=\skip44
\multlinetaggap=\skip45
\mathdisplay@stack=\toks18
LaTeX Info: Redefining \[ on input line 2666.
LaTeX Info: Redefining \] on input line 2667.
) (/usr/local/texlive/2012/texmf-dist/tex/latex/tools/verbatim.sty
Package: verbatim 2003/08/22 v1.5q LaTeX2e package for verbatim enhancements
\every@verbatim=\toks19
\verbatim@line=\toks20
\verbatim@in@stream=\read1
) (/usr/local/texlive/2012/texmf-dist/tex/latex/multirow/multirow.sty
\bigstrutjot=\dimen112
) (/usr/local/texlive/2012/texmf-dist/tex/latex/draftwatermark/draftwatermark.sty
Package: draftwatermark 2006/06/30 1.0 Put a gray textual watermark on document pages
 (/usr/local/texlive/2012/texmf-dist/tex/latex/everypage/everypage.sty
Package: everypage 2007/06/20 1.1 Hooks to run on every page
) (/usr/local/texlive/2012/texmf-dist/tex/latex/graphics/graphicx.sty
Package: graphicx 1999/02/16 v1.0f Enhanced LaTeX Graphics (DPC,SPQR)
 (/usr/local/texlive/2012/texmf-dist/tex/latex/graphics/keyval.sty
Package: keyval 1999/03/16 v1.13 key=value parser (DPC)
\KV@toks@=\toks21
) (/usr/local/texlive/2012/texmf-dist/tex/latex/graphics/graphics.sty
Package: graphics 2009/02/05 v1.0o Standard LaTeX Graphics (DPC,SPQR)
 (/usr/local/texlive/2012/texmf-dist/tex/latex/graphics/trig.sty
Package: trig 1999/03/16 v1.09 sin cos tan (DPC)
) (/usr/local/texlive/2012/texmf-dist/tex/latex/latexconfig/graphics.cfg
File: graphics.cfg 2010/04/23 v1.9 graphics configuration of TeX Live
)
Package graphics Info: Driver file: pdftex.def on input line 91.
)
\Gin@req@height=\dimen113
\Gin@req@width=\dimen114
)
\sc@wm@fontsize=\skip46
) (/usr/local/texlive/2012/texmf-dist/tex/generic/oberdiek/ifpdf.sty
Package: ifpdf 2011/01/30 v2.3 Provides the ifpdf switch (HO)
Package ifpdf Info: pdfTeX in PDF mode is detected.
) (/usr/local/texlive/2012/texmf-dist/tex/latex/hyperref/hyperref.sty
Package: hyperref 2012/05/13 v6.82q Hypertext links for LaTeX
 (/usr/local/texlive/2012/texmf-dist/tex/generic/oberdiek/hobsub-hyperref.sty
Package: hobsub-hyperref 2012/05/28 v1.13 Bundle oberdiek, subset hyperref (HO)
 (/usr/local/texlive/2012/texmf-dist/tex/generic/oberdiek/hobsub-generic.sty
Package: hobsub-generic 2012/05/28 v1.13 Bundle oberdiek, subset generic (HO)
Package: hobsub 2012/05/28 v1.13 Construct package bundles (HO)
Package hobsub Info: Skipping package `infwarerr' (already loaded).
Package hobsub Info: Skipping package `ltxcmds' (already loaded).
Package: ifluatex 2010/03/01 v1.3 Provides the ifluatex switch (HO)
Package ifluatex Info: LuaTeX not detected.
Package: ifvtex 2010/03/01 v1.5 Detect VTeX and its facilities (HO)
Package ifvtex Info: VTeX not detected.
Package: intcalc 2007/09/27 v1.1 Expandable calculations with integers (HO)
Package hobsub Info: Skipping package `ifpdf' (already loaded).
Package: etexcmds 2011/02/16 v1.5 Avoid name clashes with e-TeX commands (HO)
Package etexcmds Info: Could not find \expanded.
(etexcmds)             That can mean that you are not using pdfTeX 1.50 or
(etexcmds)             that some package has redefined \expanded.
(etexcmds)             In the latter case, load this package earlier.
Package: kvsetkeys 2012/04/25 v1.16 Key value parser (HO)
Package: kvdefinekeys 2011/04/07 v1.3 Define keys (HO)
Package: pdftexcmds 2011/11/29 v0.20 Utility functions of pdfTeX for LuaTeX (HO)
Package pdftexcmds Info: LuaTeX not detected.
Package pdftexcmds Info: \pdf@primitive is available.
Package pdftexcmds Info: \pdf@ifprimitive is available.
Package pdftexcmds Info: \pdfdraftmode found.
Package: pdfescape 2011/11/25 v1.13 Implements pdfTeX's escape features (HO)
Package: bigintcalc 2012/04/08 v1.3 Expandable calculations on big integers (HO)
Package: bitset 2011/01/30 v1.1 Handle bit-vector datatype (HO)
Package: uniquecounter 2011/01/30 v1.2 Provide unlimited unique counter (HO)
)
Package hobsub Info: Skipping package `hobsub' (already loaded).
Package: letltxmacro 2010/09/02 v1.4 Let assignment for LaTeX macros (HO)
Package: hopatch 2012/05/28 v1.2 Wrapper for package hooks (HO)
Package: xcolor-patch 2011/01/30 xcolor patch
Package: atveryend 2011/06/30 v1.8 Hooks at the very end of document (HO)
Package atveryend Info: \enddocument detected (standard20110627).
Package: atbegshi 2011/10/05 v1.16 At begin shipout hook (HO)
Package: refcount 2011/10/16 v3.4 Data extraction from label references (HO)
Package: hycolor 2011/01/30 v1.7 Color options for hyperref/bookmark (HO)
) (/usr/local/texlive/2012/texmf-dist/tex/generic/ifxetex/ifxetex.sty
Package: ifxetex 2010/09/12 v0.6 Provides ifxetex conditional
) (/usr/local/texlive/2012/texmf-dist/tex/latex/oberdiek/kvoptions.sty
Package: kvoptions 2011/06/30 v3.11 Key value format for package options (HO)
)
\@linkdim=\dimen115
\Hy@linkcounter=\count100
\Hy@pagecounter=\count101
 (/usr/local/texlive/2012/texmf-dist/tex/latex/hyperref/pd1enc.def
File: pd1enc.def 2012/05/13 v6.82q Hyperref: PDFDocEncoding definition (HO)
)
\Hy@SavedSpaceFactor=\count102
 (/usr/local/texlive/2012/texmf-dist/tex/latex/latexconfig/hyperref.cfg
File: hyperref.cfg 2002/06/06 v1.2 hyperref configuration of TeXLive
)
Package hyperref Info: Option `colorlinks' set `true' on input line 3941.


Package hyperref Warning: Values of option `pdfpagemode':
(hyperref)                * `UseNone'
(hyperref)                * `UseOutlines'
(hyperref)                * `UseThumbs'
(hyperref)                * `FullScreen'
(hyperref)                * `UseOC' (PDF 1.5)
(hyperref)                * `UseAttachments' (PDF 1.6)
(hyperref)                * An empty value disables the option.
(hyperref)                Unknown value `None' on input line 3941.

Package hyperref Info: Hyper figures OFF on input line 4062.
Package hyperref Info: Link nesting OFF on input line 4067.
Package hyperref Info: Hyper index ON on input line 4070.
Package hyperref Info: Plain pages OFF on input line 4077.
Package hyperref Info: Backreferencing ON on input line 4080.
Package hyperref Info: Implicit mode ON; LaTeX internals redefined.
Package hyperref Info: Bookmarks ON on input line 4300.
(/usr/local/texlive/2012/texmf-dist/tex/latex/hyperref/backref.sty
Package: backref 2010/08/30 v1.36 Bibliographical back referencing
 (/usr/local/texlive/2012/texmf-dist/tex/latex/oberdiek/rerunfilecheck.sty
Package: rerunfilecheck 2011/04/15 v1.7 Rerun checks for auxiliary files (HO)
Package uniquecounter Info: New unique counter `rerunfilecheck' on input line 282.
))
\c@Hy@tempcnt=\count103
 (/usr/local/texlive/2012/texmf-dist/tex/latex/url/url.sty
\Urlmuskip=\muskip11
Package: url 2006/04/12  ver 3.3  Verb mode for urls, etc.
)
LaTeX Info: Redefining \url on input line 4653.
\Fld@menulength=\count104
\Field@Width=\dimen116
\Fld@charsize=\dimen117
Package hyperref Info: Hyper figures OFF on input line 5773.
Package hyperref Info: Link nesting OFF on input line 5778.
Package hyperref Info: Hyper index ON on input line 5781.
Package hyperref Info: backreferencing ON on input line 5786.
Package hyperref Info: Link coloring ON on input line 5791.
Package hyperref Info: Link coloring with OCG OFF on input line 5798.
Package hyperref Info: PDF/A mode OFF on input line 5803.
LaTeX Info: Redefining \ref on input line 5843.
LaTeX Info: Redefining \pageref on input line 5847.
\Hy@abspage=\count105
\c@Item=\count106
\c@Hfootnote=\count107
)

Package hyperref Message: Driver: hpdftex.

(/usr/local/texlive/2012/texmf-dist/tex/latex/hyperref/hpdftex.def
File: hpdftex.def 2012/05/13 v6.82q Hyperref driver for pdfTeX
\Fld@listcount=\count108
\c@bookmark@seq@number=\count109
\Hy@SectionHShift=\skip47
) (/usr/local/texlive/2012/texmf-dist/tex/latex/oberdiek/pdfcolmk.sty
Package: pdfcolmk 2008/08/11 v1.2 Color support for pdfTeX via marks (HO)
Package pdfcolmk Info: The color stack of pdfTeX >= 1.40 is used. Therefore
(pdfcolmk)             this package is not necessary and not loaded.
) (/usr/local/texlive/2012/texmf-dist/tex/latex/graphics/lscape.sty
Package: lscape 2000/10/22 v3.01 Landscape Pages (DPC)
) (/usr/local/texlive/2012/texmf-dist/tex/latex/rotating/rotating.sty
Package: rotating 2009/03/28 v2.16a rotated objects in LaTeX
 (/usr/local/texlive/2012/texmf-dist/tex/latex/base/ifthen.sty
Package: ifthen 2001/05/26 v1.1c Standard LaTeX ifthen package (DPC)
)
\c@r@tfl@t=\count110
\rotFPtop=\skip48
\rotFPbot=\skip49
\rot@float@box=\box28
\rot@mess@toks=\toks22
) (/usr/local/texlive/2012/texmf-dist/tex/latex/amsfonts/amssymb.sty
Package: amssymb 2009/06/22 v3.00
 (/usr/local/texlive/2012/texmf-dist/tex/latex/amsfonts/amsfonts.sty
Package: amsfonts 2009/06/22 v3.00 Basic AMSFonts support
\symAMSa=\mathgroup4
\symAMSb=\mathgroup5
LaTeX Font Info:    Overwriting math alphabet `\mathfrak' in version `bold'
(Font)                  U/euf/m/n --> U/euf/b/n on input line 96.
)) (/usr/local/texlive/2012/texmf-dist/tex/latex/base/textcomp.sty
Package: textcomp 2005/09/27 v1.99g Standard LaTeX package
Package textcomp Info: Sub-encoding information:
(textcomp)               5 = only ISO-Adobe without \textcurrency
(textcomp)               4 = 5 + \texteuro
(textcomp)               3 = 4 + \textohm
(textcomp)               2 = 3 + \textestimated + \textcurrency
(textcomp)               1 = TS1 - \textcircled - \t
(textcomp)               0 = TS1 (full)
(textcomp)             Font families with sub-encoding setting implement
(textcomp)             only a restricted character set as indicated.
(textcomp)             Family '?' is the default used for unknown fonts.
(textcomp)             See the documentation for details.
Package textcomp Info: Setting ? sub-encoding to TS1/1 on input line 71.
 (/usr/local/texlive/2012/texmf-dist/tex/latex/base/ts1enc.def
File: ts1enc.def 2001/06/05 v3.0e (jk/car/fm) Standard LaTeX file
)
LaTeX Info: Redefining \oldstylenums on input line 266.
Package textcomp Info: Setting cmr sub-encoding to TS1/0 on input line 281.
Package textcomp Info: Setting cmss sub-encoding to TS1/0 on input line 282.
Package textcomp Info: Setting cmtt sub-encoding to TS1/0 on input line 283.
Package textcomp Info: Setting cmvtt sub-encoding to TS1/0 on input line 284.
Package textcomp Info: Setting cmbr sub-encoding to TS1/0 on input line 285.
Package textcomp Info: Setting cmtl sub-encoding to TS1/0 on input line 286.
Package textcomp Info: Setting ccr sub-encoding to TS1/0 on input line 287.
Package textcomp Info: Setting ptm sub-encoding to TS1/4 on input line 288.
Package textcomp Info: Setting pcr sub-encoding to TS1/4 on input line 289.
Package textcomp Info: Setting phv sub-encoding to TS1/4 on input line 290.
Package textcomp Info: Setting ppl sub-encoding to TS1/3 on input line 291.
Package textcomp Info: Setting pag sub-encoding to TS1/4 on input line 292.
Package textcomp Info: Setting pbk sub-encoding to TS1/4 on input line 293.
Package textcomp Info: Setting pnc sub-encoding to TS1/4 on input line 294.
Package textcomp Info: Setting pzc sub-encoding to TS1/4 on input line 295.
Package textcomp Info: Setting bch sub-encoding to TS1/4 on input line 296.
Package textcomp Info: Setting put sub-encoding to TS1/5 on input line 297.
Package textcomp Info: Setting uag sub-encoding to TS1/5 on input line 298.
Package textcomp Info: Setting ugq sub-encoding to TS1/5 on input line 299.
Package textcomp Info: Setting ul8 sub-encoding to TS1/4 on input line 300.
Package textcomp Info: Setting ul9 sub-encoding to TS1/4 on input line 301.
Package textcomp Info: Setting augie sub-encoding to TS1/5 on input line 302.
Package textcomp Info: Setting dayrom sub-encoding to TS1/3 on input line 303.
Package textcomp Info: Setting dayroms sub-encoding to TS1/3 on input line 304.
Package textcomp Info: Setting pxr sub-encoding to TS1/0 on input line 305.
Package textcomp Info: Setting pxss sub-encoding to TS1/0 on input line 306.
Package textcomp Info: Setting pxtt sub-encoding to TS1/0 on input line 307.
Package textcomp Info: Setting txr sub-encoding to TS1/0 on input line 308.
Package textcomp Info: Setting txss sub-encoding to TS1/0 on input line 309.
Package textcomp Info: Setting txtt sub-encoding to TS1/0 on input line 310.
Package textcomp Info: Setting lmr sub-encoding to TS1/0 on input line 311.
Package textcomp Info: Setting lmdh sub-encoding to TS1/0 on input line 312.
Package textcomp Info: Setting lmss sub-encoding to TS1/0 on input line 313.
Package textcomp Info: Setting lmssq sub-encoding to TS1/0 on input line 314.
Package textcomp Info: Setting lmvtt sub-encoding to TS1/0 on input line 315.
Package textcomp Info: Setting qhv sub-encoding to TS1/0 on input line 316.
Package textcomp Info: Setting qag sub-encoding to TS1/0 on input line 317.
Package textcomp Info: Setting qbk sub-encoding to TS1/0 on input line 318.
Package textcomp Info: Setting qcr sub-encoding to TS1/0 on input line 319.
Package textcomp Info: Setting qcs sub-encoding to TS1/0 on input line 320.
Package textcomp Info: Setting qpl sub-encoding to TS1/0 on input line 321.
Package textcomp Info: Setting qtm sub-encoding to TS1/0 on input line 322.
Package textcomp Info: Setting qzc sub-encoding to TS1/0 on input line 323.
Package textcomp Info: Setting qhvc sub-encoding to TS1/0 on input line 324.
Package textcomp Info: Setting futs sub-encoding to TS1/4 on input line 325.
Package textcomp Info: Setting futx sub-encoding to TS1/4 on input line 326.
Package textcomp Info: Setting futj sub-encoding to TS1/4 on input line 327.
Package textcomp Info: Setting hlh sub-encoding to TS1/3 on input line 328.
Package textcomp Info: Setting hls sub-encoding to TS1/3 on input line 329.
Package textcomp Info: Setting hlst sub-encoding to TS1/3 on input line 330.
Package textcomp Info: Setting hlct sub-encoding to TS1/5 on input line 331.
Package textcomp Info: Setting hlx sub-encoding to TS1/5 on input line 332.
Package textcomp Info: Setting hlce sub-encoding to TS1/5 on input line 333.
Package textcomp Info: Setting hlcn sub-encoding to TS1/5 on input line 334.
Package textcomp Info: Setting hlcw sub-encoding to TS1/5 on input line 335.
Package textcomp Info: Setting hlcf sub-encoding to TS1/5 on input line 336.
Package textcomp Info: Setting pplx sub-encoding to TS1/3 on input line 337.
Package textcomp Info: Setting pplj sub-encoding to TS1/3 on input line 338.
Package textcomp Info: Setting ptmx sub-encoding to TS1/4 on input line 339.
Package textcomp Info: Setting ptmj sub-encoding to TS1/4 on input line 340.
) (/usr/local/texlive/2012/texmf-dist/tex/latex/lineno/lineno.sty
Package: lineno 2005/11/02 line numbers on paragraphs v4.41
\linenopenalty=\count111
\output=\toks23
\linenoprevgraf=\count112
\linenumbersep=\dimen118
\linenumberwidth=\dimen119
\c@linenumber=\count113
\c@pagewiselinenumber=\count114
\c@LN@truepage=\count115
\c@internallinenumber=\count116
\c@internallinenumbers=\count117
\quotelinenumbersep=\dimen120
\bframerule=\dimen121
\bframesep=\dimen122
\bframebox=\box29
LaTeX Info: Redefining \\ on input line 3056.
) (./newcomm.tex) (/usr/local/texlive/2012/texmf-dist/tex/generic/oberdiek/alphalph.sty
Package: alphalph 2011/05/13 v2.4 Convert numbers to letters (HO)
)
LaTeX Font Info:    Try loading font information for U+msa on input line 93.
 (/usr/local/texlive/2012/texmf-dist/tex/latex/amsfonts/umsa.fd
File: umsa.fd 2009/06/22 v3.00 AMS symbols A
)
LaTeX Font Info:    Try loading font information for U+msb on input line 93.
 (/usr/local/texlive/2012/texmf-dist/tex/latex/amsfonts/umsb.fd
File: umsb.fd 2009/06/22 v3.00 AMS symbols B
)
Package alphalph Info: Number of symbols for \fnsymbolmult is 5 on input line 93.

No file TSWLatexianTemp_000001.aux.
\openout1 = `TSWLatexianTemp_000001.aux'.

LaTeX Font Info:    Checking defaults for OML/cmm/m/it on input line 104.
LaTeX Font Info:    ... okay on input line 104.
LaTeX Font Info:    Checking defaults for T1/cmr/m/n on input line 104.
LaTeX Font Info:    ... okay on input line 104.
LaTeX Font Info:    Checking defaults for OT1/cmr/m/n on input line 104.
LaTeX Font Info:    ... okay on input line 104.
LaTeX Font Info:    Checking defaults for OMS/cmsy/m/n on input line 104.
LaTeX Font Info:    ... okay on input line 104.
LaTeX Font Info:    Checking defaults for OMX/cmex/m/n on input line 104.
LaTeX Font Info:    ... okay on input line 104.
LaTeX Font Info:    Checking defaults for U/cmr/m/n on input line 104.
LaTeX Font Info:    ... okay on input line 104.
LaTeX Font Info:    Checking defaults for PD1/pdf/m/n on input line 104.
LaTeX Font Info:    ... okay on input line 104.
LaTeX Font Info:    Checking defaults for TS1/cmr/m/n on input line 104.
LaTeX Font Info:    Try loading font information for TS1+cmr on input line 104.
(/usr/local/texlive/2012/texmf-dist/tex/latex/base/ts1cmr.fd
File: ts1cmr.fd 1999/05/25 v2.5h Standard LaTeX font definitions
)
LaTeX Font Info:    ... okay on input line 104.
 (/usr/local/texlive/2012/texmf-dist/tex/context/base/supp-pdf.mkii
[Loading MPS to PDF converter (version 2006.09.02).]
\scratchcounter=\count118
\scratchdimen=\dimen123
\scratchbox=\box30
\nofMPsegments=\count119
\nofMParguments=\count120
\everyMPshowfont=\toks24
\MPscratchCnt=\count121
\MPscratchDim=\dimen124
\MPnumerator=\count122
\makeMPintoPDFobject=\count123
\everyMPtoPDFconversion=\toks25
) (/usr/local/texlive/2012/texmf-dist/tex/latex/oberdiek/epstopdf-base.sty
Package: epstopdf-base 2010/02/09 v2.5 Base part for package epstopdf
 (/usr/local/texlive/2012/texmf-dist/tex/latex/oberdiek/grfext.sty
Package: grfext 2010/08/19 v1.1 Manage graphics extensions (HO)
)
Package grfext Info: Graphics extension search list:
(grfext)             [.pdf,.png,.jpg,.eps]
(grfext)             \AppendGraphicsExtensions on input line 452.
 (/usr/local/texlive/2012/texmf-dist/tex/latex/latexconfig/epstopdf-sys.cfg
File: epstopdf-sys.cfg 2010/07/13 v1.3 Configuration of (r)epstopdf for TeX Live
))
\AtBeginShipoutBox=\box31
Package hyperref Info: Link coloring ON on input line 104.
 (/usr/local/texlive/2012/texmf-dist/tex/latex/hyperref/nameref.sty
Package: nameref 2010/04/30 v2.40 Cross-referencing by name of section
 (/usr/local/texlive/2012/texmf-dist/tex/generic/oberdiek/gettitlestring.sty
Package: gettitlestring 2010/12/03 v1.4 Cleanup title references (HO)
)
\c@section@level=\count124
)
LaTeX Info: Redefining \ref on input line 104.
LaTeX Info: Redefining \pageref on input line 104.
LaTeX Info: Redefining \nameref on input line 104.
\@outlinefile=\write3
\openout3 = `TSWLatexianTemp_000001.out'.



LaTeX Warning: Citation `bdx-proposal' on page 1 undefined on input line 141.


LaTeX Warning: Reference `sec: sim' on page 1 undefined on input line 147.


LaTeX Warning: Reference `sec:setup' on page 1 undefined on input line 148.


LaTeX Warning: Reference `sec: results' on page 1 undefined on input line 148.

\tf@toc=\write4
\openout4 = `TSWLatexianTemp_000001.toc'.


LaTeX Font Warning: Font shape `OT1/cmr/m/n' in size <142.26378> not available
(Font)              size <24.88> substituted on input line 158.

[1{/usr/local/texlive/2012/texmf-var/fonts/map/pdftex/updmap/pdftex.map}

] [2] (./BDX-mutest-sim.tex

LaTeX Warning: Reference `fig:bd' on page 3 undefined on input line 8.

<figs/beam-dump-br.pdf, id=22, 1471.4975pt x 542.025pt>
File: figs/beam-dump-br.pdf Graphic file (type pdf)
 <use figs/beam-dump-br.pdf>
Package pdftex.def Info: figs/beam-dump-br.pdf used on input line 13.
(pdftex.def)             Requested size: 355.65944pt x 131.00668pt.
 <figs/beam-dump.pdf, id=23, 939.51pt x 344.28625pt>
File: figs/beam-dump.pdf Graphic file (type pdf)
 <use figs/beam-dump.pdf>
Package pdftex.def Info: figs/beam-dump.pdf used on input line 14.
(pdftex.def)             Requested size: 355.65944pt x 130.33105pt.
 <figs/fluka-bd.pdf, id=24, 797.98125pt x 591.20876pt>
File: figs/fluka-bd.pdf Graphic file (type pdf)
 <use figs/fluka-bd.pdf>
Package pdftex.def Info: figs/fluka-bd.pdf used on input line 20.
(pdftex.def)             Requested size: 412.56496pt x 305.66219pt.


LaTeX Warning: `!h' float specifier changed to `!ht'.

<figs/fluka-bd-dwns.pdf, id=25, 1037.8775pt x 689.57625pt>
File: figs/fluka-bd-dwns.pdf Graphic file (type pdf)
 <use figs/fluka-bd-dwns.pdf>
Package pdftex.def Info: figs/fluka-bd-dwns.pdf used on input line 26.
(pdftex.def)             Requested size: 355.65944pt x 236.3047pt.


LaTeX Warning: `!h' float specifier changed to `!ht'.


LaTeX Warning: Citation `jnote-bd' on page 3 undefined on input line 31.


LaTeX Warning: Reference `fig:fluka-bd' on page 3 undefined on input line 32.


LaTeX Warning: Reference `fluka-bd-dwns' on page 3 undefined on input line 34.


LaTeX Warning: Citation `gemc' on page 3 undefined on input line 40.


LaTeX Warning: Citation `bdx-proposal' on page 3 undefined on input line 40.


LaTeX Warning: Reference `ig:gemc-bd-dwns' on page 3 undefined on input line 42.

<figs/gemc-bd-dwns.pdf, id=26, 889.3225pt x 469.755pt>
File: figs/gemc-bd-dwns.pdf Graphic file (type pdf)
 <use figs/gemc-bd-dwns.pdf>
Package pdftex.def Info: figs/gemc-bd-dwns.pdf used on input line 45.
(pdftex.def)             Requested size: 355.65944pt x 187.86282pt.
 [3 <./figs/beam-dump-br.pdf> <./figs/beam-dump.pdf>]

LaTeX Warning: `!h' float specifier changed to `!ht'.


LaTeX Warning: Reference `mu-flu-bd' on page 4 undefined on input line 51.


LaTeX Warning: Reference `mu-flu-bd-2d' on page 4 undefined on input line 54.

[4 <./figs/fluka-bd.pdf>] [5 <./figs/fluka-bd-dwns.pdf> <./figs/gemc-bd-dwns.pdf>] <figs/mu-flu-bd.pdf, id=83, 853.1875pt x 519.9425pt>
File: figs/mu-flu-bd.pdf Graphic file (type pdf)
 <use figs/mu-flu-bd.pdf>
Package pdftex.def Info: figs/mu-flu-bd.pdf used on input line 58.
(pdftex.def)             Requested size: 241.84842pt x 147.38385pt.
 <figs/mu-flu-bd-2d.pdf, id=84, 910.40125pt x 273.02pt>
File: figs/mu-flu-bd-2d.pdf Graphic file (type pdf)
 <use figs/mu-flu-bd-2d.pdf>
Package pdftex.def Info: figs/mu-flu-bd-2d.pdf used on input line 65.
(pdftex.def)             Requested size: 455.24408pt x 136.52632pt.

Overfull \hbox (21.62408pt too wide) in paragraph at lines 65--66
 [] 
 []

[6 <./figs/mu-flu-bd.pdf> <./figs/mu-flu-bd-2d.pdf>]

LaTeX Warning: Reference `fig:mu-gen' on page 7 undefined on input line 83.

<figs/mu-gen.pdf, id=106, 968.61874pt x 660.4675pt>
File: figs/mu-gen.pdf Graphic file (type pdf)
 <use figs/mu-gen.pdf>
Package pdftex.def Info: figs/mu-gen.pdf used on input line 87.
(pdftex.def)             Requested size: 341.43306pt x 232.80978pt.


LaTeX Warning: Reference `fig:mu-sampling' on page 7 undefined on input line 93.


LaTeX Warning: Reference `fig:mu-sampling-extract' on page 7 undefined on input line 94.

<figs/EkinVStheta.pdf, id=107, 569.12625pt x 326.21875pt>
File: figs/EkinVStheta.pdf Graphic file (type pdf)
 <use figs/EkinVStheta.pdf>
Package pdftex.def Info: figs/EkinVStheta.pdf used on input line 100.
(pdftex.def)             Requested size: 213.39566pt x 122.31679pt.
 <figs/EkinVSR.pdf, id=108, 569.12625pt x 326.21875pt>
File: figs/EkinVSR.pdf Graphic file (type pdf)
 <use figs/EkinVSR.pdf>
Package pdftex.def Info: figs/EkinVSR.pdf used on input line 101.
(pdftex.def)             Requested size: 213.39566pt x 122.31679pt.


LaTeX Warning: `!h' float specifier changed to `!ht'.

<figs/SimVSGen.pdf, id=109, 569.12625pt x 386.44376pt>
File: figs/SimVSGen.pdf Graphic file (type pdf)
 <use figs/SimVSGen.pdf>
Package pdftex.def Info: figs/SimVSGen.pdf used on input line 107.
(pdftex.def)             Requested size: 219.08612pt x 148.76067pt.
 <figs/mu-comp-far.pdf, id=110, 683.55376pt x 485.815pt>
File: figs/mu-comp-far.pdf Graphic file (type pdf)
 <use figs/mu-comp-far.pdf>
Package pdftex.def Info: figs/mu-comp-far.pdf used on input line 108.
(pdftex.def)             Requested size: 199.16928pt x 141.5499pt.


LaTeX Warning: `!h' float specifier changed to `!ht'.


LaTeX Warning: File `figs/bg-csi.pdf' not found on input line 116.


./BDX-mutest-sim.tex:116: Package pdftex.def Error: File `figs/bg-csi.pdf' not found.

See the pdftex.def package documentation for explanation.
Type  H <return>  for immediate help.
 ...                                              
                                                  
l.116 ...ludegraphics[width=12cm]{figs/bg-csi.pdf}
                                                  
Using draft setting for this image.
Try typing  <return>  to proceed.
If that doesn't work, type  X <return>  to quit.


LaTeX Warning: `!h' float specifier changed to `!ht'.


LaTeX Warning: Reference `fig:bg-csi' on page 7 undefined on input line 124.


LaTeX Warning: Reference `sec:results' on page 7 undefined on input line 124.

<figs/NeutronsDump_1D.pdf, id=111, 688.5725pt x 549.05125pt>
File: figs/NeutronsDump_1D.pdf Graphic file (type pdf)
 <use figs/NeutronsDump_1D.pdf>
Package pdftex.def Info: figs/NeutronsDump_1D.pdf used on input line 127.
(pdftex.def)             Requested size: 213.39566pt x 170.15385pt.
 <figs/NeutronsDumpComparison_1D.pdf, id=112, 688.5725pt x 549.05125pt>
File: figs/NeutronsDumpComparison_1D.pdf Graphic file (type pdf)
 <use figs/NeutronsDumpComparison_1D.pdf>
Package pdftex.def Info: figs/NeutronsDumpComparison_1D.pdf used on input line 128.
(pdftex.def)             Requested size: 213.39566pt x 170.15385pt.


LaTeX Warning: Reference `fig:n-comp' on page 7 undefined on input line 132.


LaTeX Warning: Reference `fig:n-lowE' on page 7 undefined on input line 133.


LaTeX Warning: Citation `jnote-bd' on page 7 undefined on input line 133.

<figs/bg-lowN-george.pdf, id=113, 513.92pt x 376.40625pt>
File: figs/bg-lowN-george.pdf Graphic file (type pdf)
 <use figs/bg-lowN-george.pdf>
Package pdftex.def Info: figs/bg-lowN-george.pdf used on input line 136.
(pdftex.def)             Requested size: 213.39566pt x 156.29756pt.
 <figs/NeutronsDumpComparisonDnDlogE_1D.pdf, id=114, 636.28915pt x 447.61026pt>
File: figs/NeutronsDumpComparisonDnDlogE_1D.pdf Graphic file (type pdf)
 <use figs/NeutronsDumpComparisonDnDlogE_1D.pdf>
Package pdftex.def Info: figs/NeutronsDumpComparisonDnDlogE_1D.pdf used on input line 137.
(pdftex.def)             Requested size: 213.39566pt x 150.11598pt.


LaTeX Warning: Reference `sec:results' on page 7 undefined on input line 142.


Underfull \hbox (badness 10000) in paragraph at lines 122--143

 []

[7 <./figs/mu-gen.pdf>]

LaTeX Warning: `!h' float specifier changed to `!ht'.

[8 <./figs/EkinVStheta.pdf, page is rotated 90 degrees> <./figs/EkinVSR.pdf, page is rotated 90 degrees> <./figs/SimVSGen.pdf, page is rotated 90 degrees> <./figs/mu-comp-far.pdf>]

LaTeX Warning: `!h' float specifier changed to `!ht'.

) [9] [10 <./figs/NeutronsDump_1D.pdf> <./figs/NeutronsDumpComparison_1D.pdf> <./figs/bg-lowN-george.pdf> <./figs/NeutronsDumpComparisonDnDlogE_1D.pdf>] (./BDX-mutest-setup.tex <figs/ds-area.pdf, id=303, 626.34pt x 355.3275pt>
File: figs/ds-area.pdf Graphic file (type pdf)
 <use figs/ds-area.pdf>
Package pdftex.def Info: figs/ds-area.pdf used on input line 5.
(pdftex.def)             Requested size: 327.20668pt x 185.63342pt.
 <figs/test-plan.pdf, id=304, 575.14874pt x 468.75125pt>
File: figs/test-plan.pdf Graphic file (type pdf)
 <use figs/test-plan.pdf>
Package pdftex.def Info: figs/test-plan.pdf used on input line 6.
(pdftex.def)             Requested size: 327.20668pt x 266.68315pt.


LaTeX Warning: Reference `pic:ds-area' on page 11 undefined on input line 12.


LaTeX Warning: Citation `bdx-proposal' on page 11 undefined on input line 13.

[11

 <./figs/ds-area.pdf> <./figs/test-plan.pdf>]

LaTeX Warning: Reference `pic:det-cad' on page 12 undefined on input line 17.

<figs/det-3d1.pdf, id=324, 266.9975pt x 456.70625pt>
File: figs/det-3d1.pdf Graphic file (type pdf)
 <use figs/det-3d1.pdf>
Package pdftex.def Info: figs/det-3d1.pdf used on input line 20.
(pdftex.def)             Requested size: 93.89418pt x 160.60916pt.
 <figs/det-3d2.pdf, id=325, 801.99625pt x 394.47375pt>
File: figs/det-3d2.pdf Graphic file (type pdf)
 <use figs/det-3d2.pdf>
Package pdftex.def Info: figs/det-3d2.pdf used on input line 21.
(pdftex.def)             Requested size: 327.20668pt x 160.94075pt.


LaTeX Warning: Citation `bdx-proposal' on page 12 undefined on input line 29.

[12 <./figs/det-3d1.pdf> <./figs/det-3d2.pdf>] <figs/gemc-3d.pdf, id=344, 309.155pt x 554.07pt>
File: figs/gemc-3d.pdf Graphic file (type pdf)
 <use figs/gemc-3d.pdf>
Package pdftex.def Info: figs/gemc-3d.pdf used on input line 36.
(pdftex.def)             Requested size: 85.07388pt x 152.46695pt.
 <figs/gemc-3d1.pdf, id=345, 279.0425pt x 515.9275pt>
File: figs/gemc-3d1.pdf Graphic file (type pdf)
 <use figs/gemc-3d1.pdf>
Package pdftex.def Info: figs/gemc-3d1.pdf used on input line 37.
(pdftex.def)             Requested size: 82.51282pt x 152.55942pt.
 <figs/gemc-3d2.pdf, id=346, 386.44376pt x 346.29375pt>
File: figs/gemc-3d2.pdf Graphic file (type pdf)
 <use figs/gemc-3d2.pdf>
Package pdftex.def Info: figs/gemc-3d2.pdf used on input line 38.
(pdftex.def)             Requested size: 170.71652pt x 152.97737pt.


LaTeX Warning: Citation `bdx-proposal' on page 13 undefined on input line 44.


LaTeX Warning: Reference `pic:det-gemc' on page 13 undefined on input line 45.

) [13 <./figs/gemc-3d.pdf> <./figs/gemc-3d1.pdf> <./figs/gemc-3d2.pdf>] (./BDX-mutest-results.tex

LaTeX Warning: Reference `sec:sampling' on page 14 undefined on input line 3.

<figs/comparisonMuonsPipe1_1D.pdf, id=371, 689.57625pt x 547.04375pt>
File: figs/comparisonMuonsPipe1_1D.pdf Graphic file (type pdf)
 <use figs/comparisonMuonsPipe1_1D.pdf>
Package pdftex.def Info: figs/comparisonMuonsPipe1_1D.pdf used on input line 7.
(pdftex.def)             Requested size: 133.72786pt x 106.08461pt.
 <figs/comparisonMuonsPipe2_1D.pdf, id=372, 688.5725pt x 547.04375pt>
File: figs/comparisonMuonsPipe2_1D.pdf Graphic file (type pdf)
 <use figs/comparisonMuonsPipe2_1D.pdf>
Package pdftex.def Info: figs/comparisonMuonsPipe2_1D.pdf used on input line 8.
(pdftex.def)             Requested size: 133.72786pt x 106.23486pt.
 <figs/comparisonMuonsPipe3_1D.pdf, id=373, 700.6175pt x 475.7775pt>
File: figs/comparisonMuonsPipe3_1D.pdf Graphic file (type pdf)
 <use figs/comparisonMuonsPipe3_1D.pdf>
Package pdftex.def Info: figs/comparisonMuonsPipe3_1D.pdf used on input line 9.
(pdftex.def)             Requested size: 156.49014pt x 106.26851pt.


LaTeX Warning: Reference `fig:mu-comp' on page 14 undefined on input line 16.


LaTeX Warning: Reference `tab: rate' on page 14 undefined on input line 19.


LaTeX Warning: Reference `fig:bd-top' on page 14 undefined on input line 61.


LaTeX Warning: Reference `fig:bd-top' on page 14 undefined on input line 62.

<figs/DumpTunnelTopBigger1.pdf, id=374, 751.80875pt x 487.8225pt>
File: figs/DumpTunnelTopBigger1.pdf Graphic file (type pdf)
 <use figs/DumpTunnelTopBigger1.pdf>
Package pdftex.def Info: figs/DumpTunnelTopBigger1.pdf used on input line 65.
(pdftex.def)             Requested size: 227.62204pt x 147.69516pt.
 <figs/DumpTunnelTop1.pdf, id=375, 676.5275pt x 602.25pt>
File: figs/DumpTunnelTop1.pdf Graphic file (type pdf)
 <use figs/DumpTunnelTop1.pdf>
Package pdftex.def Info: figs/DumpTunnelTop1.pdf used on input line 66.
(pdftex.def)             Requested size: 162.18062pt x 144.36835pt.


LaTeX Warning: Reference `tab:outside' on page 14 undefined on input line 70.

[14

 <./figs/comparisonMuonsPipe1_1D.pdf> <./figs/comparisonMuonsPipe2_1D.pdf> <./figs/comparisonMuonsPipe3_1D.pdf>]

LaTeX Warning: Reference `fig:nu-comp' on page 15 undefined on input line 99.

<figs/NeutronsPipe1_1D.pdf, id=397, 687.56876pt x 549.05125pt>
File: figs/NeutronsPipe1_1D.pdf Graphic file (type pdf)
 <use figs/NeutronsPipe1_1D.pdf>
Package pdftex.def Info: figs/NeutronsPipe1_1D.pdf used on input line 102.
(pdftex.def)             Requested size: 133.72786pt x 106.7839pt.
 <figs/NeutronsPipe2_1D.pdf, id=398, 687.56876pt x 549.05125pt>
File: figs/NeutronsPipe2_1D.pdf Graphic file (type pdf)
 <use figs/NeutronsPipe2_1D.pdf>
Package pdftex.def Info: figs/NeutronsPipe2_1D.pdf used on input line 103.
(pdftex.def)             Requested size: 133.72786pt x 106.7839pt.
 <figs/NeutronsPipe3_1D.pdf, id=399, 687.56876pt x 549.05125pt>
File: figs/NeutronsPipe3_1D.pdf Graphic file (type pdf)
 <use figs/NeutronsPipe3_1D.pdf>
Package pdftex.def Info: figs/NeutronsPipe3_1D.pdf used on input line 104.
(pdftex.def)             Requested size: 133.72786pt x 106.7839pt.
 [15 <./figs/DumpTunnelTopBigger1.pdf> <./figs/DumpTunnelTop1.pdf>] [16 <./figs/NeutronsPipe1_1D.pdf> <./figs/NeutronsPipe2_1D.pdf> <./figs/NeutronsPipe3_1D.pdf>]

LaTeX Warning: Citation `bdx-proposal' on page 17 undefined on input line 122.


LaTeX Warning: Reference `tab:cosmic' on page 17 undefined on input line 122.

[17]) [18] (./BDX-mutest-appx.tex

LaTeX Warning: Reference `fig:ds-area' on page 19 undefined on input line 6.


LaTeX Warning: Reference `fig:Well_Section_Bid' on page 19 undefined on input line 6.


LaTeX Warning: Reference `fig:Preliminary_Cost_Estimate_16_Inch_pipe-Rev1' on page 19 undefined on input line 8.


LaTeX Warning: Reference `fig:Preliminary_Cost_Estimate_10_Inch_pipe' on page 19 undefined on input line 20.


LaTeX Warning: Reference `fig:Preliminary_Cost_Estimate_for_two_10_Inch_pipes' on page 19 undefined on input line 20.


LaTeX Warning: Reference `fig:ds-area' on page 19 undefined on input line 20.



pdfTeX warning: /usr/texbin/pdflatex (file ./figs/Well_Section_Bid.pdf): PDF inclusion: found PDF version <1.6>, but at most version <1.5> allowed
<figs/Well_Section_Bid.pdf, id=450, 614.295pt x 794.97pt>
File: figs/Well_Section_Bid.pdf Graphic file (type pdf)
 <use figs/Well_Section_Bid.pdf>
Package pdftex.def Info: figs/Well_Section_Bid.pdf used on input line 28.
(pdftex.def)             Requested size: 227.62204pt x 294.57098pt.
 <figs/Preliminary_Cost_Estimate_16_Inch_pipe-Rev1.pdf, id=452, 794.97pt x 614.295pt>
File: figs/Preliminary_Cost_Estimate_16_Inch_pipe-Rev1.pdf Graphic file (type pdf)
 <use figs/Preliminary_Cost_Estimate_16_Inch_pipe-Rev1.pdf>
Package pdftex.def Info: figs/Preliminary_Cost_Estimate_16_Inch_pipe-Rev1.pdf used on input line 35.
(pdftex.def)             Requested size: 483.69684pt x 373.77269pt.

Overfull \hbox (50.07684pt too wide) in paragraph at lines 35--36
 [] 
 []

<figs/Preliminary_Cost_Estimate_10_Inch_pipe.pdf, id=454, 794.97pt x 614.295pt>
File: figs/Preliminary_Cost_Estimate_10_Inch_pipe.pdf Graphic file (type pdf)
 <use figs/Preliminary_Cost_Estimate_10_Inch_pipe.pdf>
Package pdftex.def Info: figs/Preliminary_Cost_Estimate_10_Inch_pipe.pdf used on input line 42.
(pdftex.def)             Requested size: 483.69684pt x 373.77269pt.

Overfull \hbox (50.07684pt too wide) in paragraph at lines 42--43
 [] 
 []

<figs/Preliminary_Cost_Estimate_for_two_10_Inch_pipes.pdf, id=456, 794.97pt x 614.295pt>
File: figs/Preliminary_Cost_Estimate_for_two_10_Inch_pipes.pdf Graphic file (type pdf)
 <use figs/Preliminary_Cost_Estimate_for_two_10_Inch_pipes.pdf>
Package pdftex.def Info: figs/Preliminary_Cost_Estimate_for_two_10_Inch_pipes.pdf used on input line 49.
(pdftex.def)             Requested size: 483.69684pt x 373.77269pt.

Overfull \hbox (50.07684pt too wide) in paragraph at lines 49--50
 [] 
 []

) [19

] [20 <./figs/Well_Section_Bid.pdf>] [21 <./figs/Preliminary_Cost_Estimate_16_Inch_pipe-Rev1.pdf>] [22 <./figs/Preliminary_Cost_Estimate_10_Inch_pipe.pdf>] [23 <./figs/Preliminary_Cost_Estimate_for_two_10_Inch_pipes.pdf>]
No file TSWLatexianTemp_000001.bbl.

/Users/batta/Desktop/bdx-jlab/mutest/report/TSWLatexianTemp_000001.tex:179: LaTeX Error: \begin{itemize} on input line 158 ended by \end{document}.

See the LaTeX manual or LaTeX Companion for explanation.
Type  H <return>  for immediate help.
 ...                                              
                                                  
l.179 \end{document}
                    
Your command was ignored.
Type  I <command> <return>  to replace it with another command,
or  <return>  to continue without it.

Package atveryend Info: Empty hook `BeforeClearDocument' on input line 179.
Package atveryend Info: Empty hook `AfterLastShipout' on input line 179.
(./TSWLatexianTemp_000001.aux)
Package atveryend Info: Executing hook `AtVeryEndDocument' on input line 179.
Package atveryend Info: Executing hook `AtEndAfterFileList' on input line 179.


Package rerunfilecheck Warning: File `TSWLatexianTemp_000001.out' has changed.
(rerunfilecheck)                Rerun to get outlines right
(rerunfilecheck)                or use package `bookmark'.

Package rerunfilecheck Info: Checksums for `TSWLatexianTemp_000001.out':
(rerunfilecheck)             Before: <no file>
(rerunfilecheck)             After:  F408B59E478BD39630B905987CDA9668;1459.

LaTeX Font Warning: Size substitutions with differences
(Font)              up to 117.38377pt have occurred.


LaTeX Warning: There were undefined references.


LaTeX Warning: Label(s) may have changed. Rerun to get cross-references right.

Package atveryend Info: Empty hook `AtVeryVeryEnd' on input line 179.
 )
(\end occurred inside a group at level 1)

### semi simple group (level 1) entered at line 158 (\begingroup)
### bottom level 
Here is how much of TeX's memory you used:
 7247 strings out of 493488
 107163 string characters out of 3141326
 191344 words of memory out of 3000000
 10333 multiletter control sequences out of 15000+200000
 9264 words of font info for 35 fonts, out of 3000000 for 9000
 957 hyphenation exceptions out of 8191
 32i,10n,29p,1034b,427s stack positions out of 5000i,500n,10000p,200000b,50000s
{/usr/local/texlive/2012/texmf-dist/fonts/enc/dvips/cm-super/cm-super-ts1.enc}</usr/local/texlive/2012/texmf-dist/fonts/type1/public/amsfonts/cm/cmbx10.pfb></usr/local/texlive/2012/texmf-dist/fonts/type1/public/amsfonts/cm/cmbx12.pfb></usr/local/texlive/2012/texmf-dist/fonts/type1/public/amsfonts/cm/cmbx9.pfb></usr/local/texlive/2012/texmf-dist/fonts/type1/public/amsfonts/cm/cmmi10.pfb></usr/local/texlive/2012/texmf-dist/fonts/type1/public/amsfonts/cm/cmmi7.pfb></usr/local/texlive/2012/texmf-dist/fonts/type1/public/amsfonts/cm/cmr10.pfb></usr/local/texlive/2012/texmf-dist/fonts/type1/public/amsfonts/cm/cmr17.pfb></usr/local/texlive/2012/texmf-dist/fonts/type1/public/amsfonts/cm/cmr5.pfb></usr/local/texlive/2012/texmf-dist/fonts/type1/public/amsfonts/cm/cmr7.pfb></usr/local/texlive/2012/texmf-dist/fonts/type1/public/amsfonts/cm/cmr9.pfb></usr/local/texlive/2012/texmf-dist/fonts/type1/public/amsfonts/cm/cmsy10.pfb></usr/local/texlive/2012/texmf-dist/fonts/type1/public/amsfonts/cm/cmsy7.pfb></usr/local/texlive/2012/texmf-dist/fonts/type1/public/amsfonts/cm/cmti10.pfb></usr/local/texlive/2012/texmf-dist/fonts/type1/public/amsfonts/cm/cmti9.pfb></usr/local/texlive/2012/texmf-dist/fonts/type1/public/amsfonts/cm/cmtt10.pfb></usr/local/texlive/2012/texmf-dist/fonts/type1/public/cm-super/sfrm1000.pfb>
Output written on TSWLatexianTemp_000001.pdf (23 pages, 8325055 bytes).
PDF statistics:
 629 PDF objects out of 1000 (max. 8388607)
 410 compressed objects within 5 object streams
 72 named destinations out of 1000 (max. 500000)
 200 words of extra memory for PDF output out of 10000 (max. 10000000)

