\BOOKMARK [1][-]{section.1}{Introduction}{}% 1
\BOOKMARK [1][-]{section.2}{MC simulations}{}% 2
\BOOKMARK [2][-]{subsection.2.1}{The Hall-A high-power beam-dump}{section.2}% 3
\BOOKMARK [2][-]{subsection.2.2}{The beam-dump model in FLUKA}{section.2}% 4
\BOOKMARK [2][-]{subsection.2.3}{The beam-dump model in GEANT4 \(GEMC\)}{section.2}% 5
\BOOKMARK [2][-]{subsection.2.4}{Muons from beam-dump interaction}{section.2}% 6
\BOOKMARK [2][-]{subsection.2.5}{Sampling and particle transport}{section.2}% 7
\BOOKMARK [3][-]{subsubsection.2.5.1}{Muons - GEMC}{subsection.2.5}% 8
\BOOKMARK [3][-]{subsubsection.2.5.2}{Background - FLUKA}{subsection.2.5}% 9
\BOOKMARK [1][-]{section.3}{Test set-up}{}% 10
\BOOKMARK [2][-]{subsection.3.1}{Detector location}{section.3}% 11
\BOOKMARK [2][-]{subsection.3.2}{The BDX-Hodo detector }{section.3}% 12
\BOOKMARK [1][-]{section.4}{Results}{}% 13
\BOOKMARK [2][-]{subsection.4.1}{Muon detection}{section.4}% 14
\BOOKMARK [2][-]{subsection.4.2}{Muon flux above-the-ground}{section.4}% 15
\BOOKMARK [3][-]{subsubsection.4.2.1}{Beam-related background}{subsection.4.2}% 16
\BOOKMARK [3][-]{subsubsection.4.2.2}{Cosmic background}{subsection.4.2}% 17
\BOOKMARK [2][-]{subsection.4.3}{Test configuration and practical details}{section.4}% 18
\BOOKMARK [2][-]{subsection.4.4}{Summary}{section.4}% 19
\BOOKMARK [1][-]{section.5}{Appendix}{}% 20
\BOOKMARK [2][-]{subsection.5.1}{Cost estimates}{section.5}% 21
\BOOKMARK [2][-]{subsection.5.2}{Work- \046 time-plan}{section.5}% 22
